
______________________________________________________________________________________________________________________________________________

Symbol Table Name : Global                                            Parent : NULL                                              
______________________________________________________________________________________________________________________________________________

Name                     Type                     Initial Value       Size           Offset         Nested
______________________________________________________________________________________________________________________________________________

main                     int                      -                   4              0              main
______________________________________________________________________________________________________________________________________________


______________________________________________________________________________________________________________________________________________

Symbol Table Name : main                                              Parent : Global                                            
______________________________________________________________________________________________________________________________________________

Name                     Type                     Initial Value       Size           Offset         Nested
______________________________________________________________________________________________________________________________________________

return                   int                      -                   4              0              NULL
x                        int                      10                  4              4              NULL
t0                       int                      10                  4              8              NULL
y                        int                      20                  4              12             NULL
t1                       int                      20                  4              16             NULL
z                        int                      30                  4              20             NULL
t2                       int                      30                  4              24             NULL
f                        float                    3.14                8              28             NULL
t3                       float                    3.14                8              36             NULL
result                   int                      -                   4              44             NULL
t4                       float                    -                   8              48             NULL
t5                       float                    -                   8              56             NULL
t6                       float                    -                   8              64             NULL
t7                       float                    -                   8              72             NULL
t8                       float                    -                   8              80             NULL
t9                       float                    -                   8              88             NULL
t10                      float                    -                   8              96             NULL
t11                      float                    -                   8              104            NULL
t12                      float                    -                   8              112            NULL
t13                      int                      -                   4              120            NULL
t14                      int                      -                   4              124            NULL
t15                      int                      -                   4              128            NULL
t16                      int                      -                   4              132            NULL
t17                      int                      -                   4              136            NULL
t18                      int                      -                   4              140            NULL
t19                      int                      -                   4              144            NULL
t20                      int                      -                   4              148            NULL
t21                      int                      -                   4              152            NULL
______________________________________________________________________________________________________________________________________________





______________________________________________________________________________________________________________________________________________

Three Adress Code : 
______________________________________________________________________________________________________________________________________________


0   :main: 
1   :    t0 = 10
2   :    x = t0
3   :    t1 = 20
4   :    y = t1
5   :    t2 = 30
6   :    z = t2
7   :    t3 = 3.14
8   :    f = t3
9   :    t4 = f
10  :    t5 = inttofloat(y)
11  :    t6 = t4 * t5
12  :    t7 = inttofloat(x)
13  :    t8 = t6
14  :    t9 = t7 + t8
15  :    t10 = t9
16  :    t11 = inttofloat(z)
17  :    t12 = t10 - t11
18  :    t13 = floattoint(t12)
19  :    result = t13
20  :    t14 = x * y
21  :    t15 = z - x
22  :    t16 = t14 / t15
23  :    t17 = x & y
24  :    t18 = t16 + t17
25  :    t19 = y | z
26  :    t20 = t18 - t19
27  :    result = t20
28  :    return result
