______________________________________________________________________________________________________________________________________________

Symbol Table Name : Global                                            Parent : NULL                                              
______________________________________________________________________________________________________________________________________________

Name                     Type                     Initial Value       Size           Offset         Nested
______________________________________________________________________________________________________________________________________________

main                     int                      -                   4              0              main
______________________________________________________________________________________________________________________________________________

______________________________________________________________________________________________________________________________________________

Symbol Table Name : main                                              Parent : Global                                            
______________________________________________________________________________________________________________________________________________

Name                     Type                     Initial Value       Size           Offset         Nested
______________________________________________________________________________________________________________________________________________

return                   int                      -                   4              0              NULL
a                        int                      5                   4              4              NULL
t0                       int                      5                   4              8              NULL
b                        int                      10                  4              12             NULL
t1                       int                      10                  4              16             NULL
p1                       ptr(int)                 -                   4              20             NULL
p2                       ptr(int)                 -                   4              24             NULL
t2                       ptr(int)                 -                   4              28             NULL
t3                       ptr(null)                -                   4              32             NULL
t4                       ptr(int)                 -                   4              36             NULL
t5                       ptr(null)                -                   4              40             NULL
temp                     int                      -                   4              44             NULL
t6                       int                      -                   4              48             NULL
t7                       int                      -                   4              52             NULL
t8                       int                      -                   4              56             NULL
t9                       int                      -                   4              60             NULL
array                    arr(int,3)               -                   12             64             NULL
t10                      int                      3                   4              76             NULL
t11                      int                      0                   4              80             NULL
t12                      int                      -                   4              84             NULL
t13                      int                      1                   4              88             NULL
t14                      int                      -                   4              92             NULL
t15                      int                      1                   4              96             NULL
t16                      int                      -                   4              100            NULL
t17                      int                      2                   4              104            NULL
t18                      int                      -                   4              108            NULL
t19                      int                      2                   4              112            NULL
t20                      int                      -                   4              116            NULL
t21                      int                      3                   4              120            NULL
t22                      int                      -                   4              124            NULL
ptr                      ptr(int)                 -                   4              128            NULL
sum                      int                      0                   4              132            NULL
t23                      int                      0                   4              136            NULL
main_for_loop_0          block                    -                   4              140            main_for_loop_0
______________________________________________________________________________________________________________________________________________

______________________________________________________________________________________________________________________________________________

Symbol Table Name : main_for_loop_0                                   Parent : main                                              
______________________________________________________________________________________________________________________________________________

Name                     Type                     Initial Value       Size           Offset         Nested
______________________________________________________________________________________________________________________________________________

i                        int                      0                   4              0              NULL
t0                       int                      0                   4              4              NULL
t1                       int                      3                   4              8              NULL
t2                       int                      -                   4              12             NULL
______________________________________________________________________________________________________________________________________________






______________________________________________________________________________________________________________________________________________

Three Adress Code : 
______________________________________________________________________________________________________________________________________________


0   :main: 
1   :    t0 = 5
2   :    a = t0
3   :    t1 = 10
4   :    b = t1
5   :    t2 = &a
6   :    p1 = t2
7   :    t4 = &b
8   :    p2 = t4
9   :    t6 = &p1
10  :    temp = t6
11  :    t7 = &p1
12  :    t8 = &p2
13  :    *p1 = t8
14  :    t9 = &p2
15  :    *p2 = temp
16  :    t10 = 3
17  :    t11 = 0
18  :    t12 = t11 * 4
19  :    t13 = 1
20  :    array[t12] = t13
21  :    t15 = 1
22  :    t16 = t15 * 4
23  :    t17 = 2
24  :    array[t16] = t17
25  :    t19 = 2
26  :    t20 = t19 * 4
27  :    t21 = 3
28  :    array[t20] = t21
29  :    ptr = array
30  :    t23 = 0
31  :    sum = t23

32  :main_for_loop_0: 
33  :    t0 = 0
34  :    i = t0
35  :    t1 = 3
36  :    if i < t1 goto 41
37  :    goto 42
38  :    t2 = i
39  :    i = i + 1
40  :    goto 35
41  :    goto 38
42  :    return sum
