______________________________________________________________________________________________________________________________________________

Symbol Table Name : Global                                            Parent : NULL                                              
______________________________________________________________________________________________________________________________________________

Name                     Type                     Initial Value       Size           Offset         Nested
______________________________________________________________________________________________________________________________________________

main                     int                      -                   4              0              main
______________________________________________________________________________________________________________________________________________

______________________________________________________________________________________________________________________________________________

Symbol Table Name : main                                              Parent : Global                                            
______________________________________________________________________________________________________________________________________________

Name                     Type                     Initial Value       Size           Offset         Nested
______________________________________________________________________________________________________________________________________________

return                   int                      -                   4              0              NULL
n                        int                      5                   4              4              NULL
t0                       int                      5                   4              8              NULL
b                        float                    8.5                 8              12             NULL
t1                       float                    8.5                 8              20             NULL
c                        int                      -                   4              28             NULL
t2                       int                      -                   4              32             NULL
x                        float                    -                   8              36             NULL
t3                       float                    -                   8              44             NULL
t4                       float                    -                   8              52             NULL
t5                       float                    -                   8              60             NULL
y                        int                      -                   4              68             NULL
t6                       int                      -                   4              72             NULL
z                        int                      -                   4              76             NULL
t7                       float                    -                   8              80             NULL
t8                       float                    -                   8              88             NULL
t9                       float                    -                   8              96             NULL
p                        ptr(int)                 -                   4              104            NULL
t10                      ptr(int)                 -                   4              108            NULL
t11                      ptr(null)                -                   4              112            NULL
t12                      int                      -                   4              116            NULL
t13                      int                      10                  4              120            NULL
t14                      int                      0                   4              124            NULL
______________________________________________________________________________________________________________________________________________





______________________________________________________________________________________________________________________________________________

Three Adress Code : 
______________________________________________________________________________________________________________________________________________


0   :main: 
1   :    t0 = 5
2   :    n = t0
3   :    t1 = 8.5
4   :    b = t1
5   :    t2 = floattoint(b)
6   :    c = t2
7   :    t3 = b
8   :    t4 = inttofloat(n)
9   :    t5 = t3 * t4
10  :    x = t5
11  :    t6 = floattoint(x)
12  :    y = t6
13  :    t7 = inttofloat(n)
14  :    t8 = b
15  :    t9 = t7 * t8
16  :    z = t9
17  :    t10 = &n
18  :    p = t10
19  :    t12 = &p
20  :    t13 = 10
21  :    *p = t13
22  :    t14 = 0
23  :    return t14
