
______________________________________________________________________________________________________________________________________________

Symbol Table Name : Global                                            Parent : NULL                                              
______________________________________________________________________________________________________________________________________________

Name                     Type                     Initial Value       Size           Offset         Nested
______________________________________________________________________________________________________________________________________________

factorial                int                      -                   4              0              factorial
sum                      int                      -                   4              4              sum
main                     int                      -                   4              8              main
______________________________________________________________________________________________________________________________________________


______________________________________________________________________________________________________________________________________________

Symbol Table Name : factorial                                         Parent : Global                                            
______________________________________________________________________________________________________________________________________________

Name                     Type                     Initial Value       Size           Offset         Nested
______________________________________________________________________________________________________________________________________________

n                        int                      -                   4              0              NULL
return                   int                      -                   4              4              NULL
t0                       int                      1                   4              8              NULL
t1                       int                      1                   4              12             NULL
t2                       int                      1                   4              16             NULL
t3                       int                      -                   4              20             NULL
t4                       int                      -                   4              24             NULL
t5                       int                      -                   4              28             NULL
______________________________________________________________________________________________________________________________________________



______________________________________________________________________________________________________________________________________________

Symbol Table Name : sum                                               Parent : Global                                            
______________________________________________________________________________________________________________________________________________

Name                     Type                     Initial Value       Size           Offset         Nested
______________________________________________________________________________________________________________________________________________

x                        int                      -                   4              0              NULL
y                        int                      -                   4              4              NULL
return                   int                      -                   4              8              NULL
t0                       int                      -                   4              12             NULL
______________________________________________________________________________________________________________________________________________



______________________________________________________________________________________________________________________________________________

Symbol Table Name : main                                              Parent : Global                                            
______________________________________________________________________________________________________________________________________________

Name                     Type                     Initial Value       Size           Offset         Nested
______________________________________________________________________________________________________________________________________________

return                   int                      -                   4              0              NULL
a                        int                      5                   4              4              NULL
t0                       int                      5                   4              8              NULL
b                        int                      3                   4              12             NULL
t1                       int                      3                   4              16             NULL
result                   int                      -                   4              20             NULL
t2                       int                      -                   4              24             NULL
t3                       int                      -                   4              28             NULL
t4                       int                      -                   4              32             NULL
t5                       int                      -                   4              36             NULL
______________________________________________________________________________________________________________________________________________





______________________________________________________________________________________________________________________________________________

Three Adress Code : 
______________________________________________________________________________________________________________________________________________


0   :factorial: 
1   :    t0 = 1
2   :    if n <= t0 goto 5
3   :    goto 8
4   :    goto 8
5   :    t1 = 1
6   :    return t1
7   :    goto 8
8   :    t2 = 1
9   :    t3 = n - t2
10  :    param t3
11  :    t4 = call factorial, 1
12  :    t5 = n * t4
13  :    return t5

14  :sum: 
15  :    t0 = x + y
16  :    return t0

17  :main: 
18  :    t0 = 5
19  :    a = t0
20  :    t1 = 3
21  :    b = t1
22  :    param a
23  :    t2 = call factorial, 1
24  :    result = t2
25  :    param result
26  :    param b
27  :    t4 = call sum, 2
28  :    result = t4
29  :    return result
